Opbouwen gestart 4/11/2014 19:09:14.
__________________________________________________
Project D:\GitHub\Reactol\build\build.proj (Builddoel(en=):

Doel Build:
    __________________________________________________
    Project D:\GitHub\Reactol\build\build.proj bouwt D:\GitHub\Reactol\build\version.proj op (standaarddoelen):

    Doel Version:
        D:\GitHub\Reactol\build\version.proj : warning : Version file "D:\GitHub\Reactol\build\..\build\master_version.txt" not found - creating new file.
        Created AssemblyInfo file "D:\GitHub\Reactol\build\..\src\SharedVersionInfo.cs".
    Opbouwen van doel Version in project version.proj voltooid.

    Opbouwen van project version.proj voltooid.
    __________________________________________________
    Project D:\GitHub\Reactol\build\build.proj bouwt D:\GitHub\Reactol\build\info.proj op (standaarddoelen):

    Doel Info:
        Created AssemblyInfo file "D:\GitHub\Reactol\build\..\src\SharedAssemblyInfo.cs".
    D:\GitHub\Reactol\build\build.proj(24,5): error MSB3202: het projectbestand D:\GitHub\Reactol\build\..\src\Paramol\Paramol.csproj is niet gevonden.
    D:\GitHub\Reactol\build\build.proj(24,5): error MSB3202: het projectbestand D:\GitHub\Reactol\build\..\src\Paramol.Tests\Paramol.Tests.csproj is niet gevonden.
    D:\GitHub\Reactol\build\build.proj(24,5): error MSB3202: het projectbestand D:\GitHub\Reactol\build\..\src\Projac\Projac.csproj is niet gevonden.
    D:\GitHub\Reactol\build\build.proj(24,5): error MSB3202: het projectbestand D:\GitHub\Reactol\build\..\src\Projac.Tests\Projac.Tests.csproj is niet gevonden.
Opbouwen van doel Build in project build.proj voltooid -- MISLUKT.

Opbouwen van project build.proj voltooid -- MISLUKT.

Opbouwen MISLUKT.

D:\GitHub\Reactol\build\version.proj : warning : Version file "D:\GitHub\Reactol\build\..\build\master_version.txt" not found - creating new file.
D:\GitHub\Reactol\build\build.proj(24,5): error MSB3202: het projectbestand D:\GitHub\Reactol\build\..\src\Paramol\Paramol.csproj is niet gevonden.
D:\GitHub\Reactol\build\build.proj(24,5): error MSB3202: het projectbestand D:\GitHub\Reactol\build\..\src\Paramol.Tests\Paramol.Tests.csproj is niet gevonden.
D:\GitHub\Reactol\build\build.proj(24,5): error MSB3202: het projectbestand D:\GitHub\Reactol\build\..\src\Projac\Projac.csproj is niet gevonden.
D:\GitHub\Reactol\build\build.proj(24,5): error MSB3202: het projectbestand D:\GitHub\Reactol\build\..\src\Projac.Tests\Projac.Tests.csproj is niet gevonden.
    1 waarschuwing(en)
    4 fout(en)

Verstreken tijd 00:00:00.10
