Opbouwen gestart 4/11/2014 19:08:50.
__________________________________________________
Project D:\GitHub\Reactol\build\run_me_first.proj (standaarddoelen):

Doel Run:
    D:\GitHub\Reactol\build\..\.nuget\nuget.exe update -self
    Checking for updates from https://www.nuget.org/api/v2/.
    Currently running NuGet.exe 2.8.2.
    Updating NuGet.exe to 2.8.3.
    Update successful.
    Doel RestorePackages:
        D:\GitHub\Reactol\build\..\.nuget\nuget.exe install D:\GitHub\Reactol\build\..\build\packages.config -o "D:\GitHub\Reactol\build\..\build\packages"
        Installing 'MSBuildTasks 1.4.0.65'.
        Installing 'NUnit.Runners 2.6.3'.
        Successfully installed 'MSBuildTasks 1.4.0.65'.
        Successfully installed 'NUnit.Runners 2.6.3'.
        D:\GitHub\Reactol\build\..\.nuget\nuget.exe install  -o "D:\GitHub\Reactol\build\..\src\packages"
        Installing 'NUnit.Runners 2.6.3'.
        Installing 'MSBuildTasks 1.4.0.65'.
        Successfully installed 'MSBuildTasks 1.4.0.65'.
        Successfully installed 'NUnit.Runners 2.6.3'.

Opbouwen voltooid.
    0 waarschuwing(en)
    0 fout(en)

Verstreken tijd 00:00:11.45
